<?xml version="1.0" encoding="UTF-8"?>
<!-- Generated by org.testng.reporters.JUnitReportReporter -->
<testsuite hostname="DESKTOP-66CFHHV" failures="0" tests="2" name="TestNg.ParallelTest" time="6.095" errors="0" timestamp="2023-01-25T09:55:57 IST" skipped="0">
  <testcase classname="TestNg.ParallelTest" name="openBing" time="3.322"/>
  <system-out/>
  <testcase classname="TestNg.ParallelTest" name="openGoogle" time="2.773"/>
  <system-out/>
</testsuite> <!-- TestNg.ParallelTest -->
