<?xml version="1.0" encoding="UTF-8"?>
<!-- Generated by org.testng.reporters.JUnitReportReporter -->
<testsuite hostname="DESKTOP-66CFHHV" failures="0" tests="3" name="TestNg.DependencyTest" time="5.567" errors="0" timestamp="2023-01-24T08:39:36 IST" skipped="0">
  <testcase classname="TestNg.DependencyTest" name="afterLaunch" time="0.298"/>
  <system-out/>
  <testcase classname="TestNg.DependencyTest" name="beforeLogin" time="5.197"/>
  <system-out/>
  <testcase classname="TestNg.DependencyTest" name="loginClick" time="0.072"/>
  <system-out/>
</testsuite> <!-- TestNg.DependencyTest -->
